<?xml version="1.0" encoding="UTF-8"?>
<!-- Generated by org.testng.reporters.JUnitXMLReporter -->
<testsuite hostname="LAPTOP-T0TTLPDB" ignored="0" name="OpenCart Tests" tests="31" failures="0" timestamp="2022-04-27T15:08:42 EDT" time="1.382" errors="0">
  <testcase name="@BeforeClass setup" time="0.01" classname="testBase.BaseClass">
    <failure type="java.util.MissingResourceException" message="Can&amp;apos;t find bundle for base name config, locale en_US">
      <![CDATA[java.util.MissingResourceException: Can't find bundle for base name config, locale en_US
at java.util.ResourceBundle.throwMissingResourceException(ResourceBundle.java:1581)
at java.util.ResourceBundle.getBundleImpl(ResourceBundle.java:1396)
at java.util.ResourceBundle.getBundle(ResourceBundle.java:782)
at testBase.BaseClass.setup(BaseClass.java:36)
at java.util.ArrayList.forEach(ArrayList.java:1259)
at java.util.concurrent.FutureTask.run(FutureTask.java:266)
at java.util.concurrent.ThreadPoolExecutor.runWorker(ThreadPoolExecutor.java:1149)
at java.util.concurrent.ThreadPoolExecutor$Worker.run(ThreadPoolExecutor.java:624)
at java.lang.Thread.run(Thread.java:748)
... Removed 16 stack frames]]>
    </failure>
  </testcase> <!-- @BeforeClass setup -->
  <testcase name="@AfterClass teadDown" time="-1.651086520976E9" classname="testBase.BaseClass">
    <skipped/>
  </testcase> <!-- @AfterClass teadDown -->
  <testcase name="@BeforeClass setup" time="0.001" classname="testBase.BaseClass">
    <failure type="java.util.MissingResourceException" message="Can&amp;apos;t find bundle for base name config, locale en_US">
      <![CDATA[java.util.MissingResourceException: Can't find bundle for base name config, locale en_US
at java.util.ResourceBundle.throwMissingResourceException(ResourceBundle.java:1581)
at java.util.ResourceBundle.getBundleImpl(ResourceBundle.java:1396)
at java.util.ResourceBundle.getBundle(ResourceBundle.java:782)
at testBase.BaseClass.setup(BaseClass.java:36)
at java.util.ArrayList.forEach(ArrayList.java:1259)
at java.util.concurrent.FutureTask.run(FutureTask.java:266)
at java.util.concurrent.ThreadPoolExecutor.runWorker(ThreadPoolExecutor.java:1149)
at java.util.concurrent.ThreadPoolExecutor$Worker.run(ThreadPoolExecutor.java:624)
at java.lang.Thread.run(Thread.java:748)
... Removed 16 stack frames]]>
    </failure>
  </testcase> <!-- @BeforeClass setup -->
  <testcase name="@AfterClass teadDown" time="-1.651086520996E9" classname="testBase.BaseClass">
    <skipped/>
  </testcase> <!-- @AfterClass teadDown -->
  <testcase name="@BeforeClass setup" time="0.001" classname="testBase.BaseClass">
    <failure type="java.util.MissingResourceException" message="Can&amp;apos;t find bundle for base name config, locale en_US">
      <![CDATA[java.util.MissingResourceException: Can't find bundle for base name config, locale en_US
at java.util.ResourceBundle.throwMissingResourceException(ResourceBundle.java:1581)
at java.util.ResourceBundle.getBundleImpl(ResourceBundle.java:1396)
at java.util.ResourceBundle.getBundle(ResourceBundle.java:782)
at testBase.BaseClass.setup(BaseClass.java:36)
at java.util.ArrayList.forEach(ArrayList.java:1259)
at java.util.concurrent.FutureTask.run(FutureTask.java:266)
at java.util.concurrent.ThreadPoolExecutor.runWorker(ThreadPoolExecutor.java:1149)
at java.util.concurrent.ThreadPoolExecutor$Worker.run(ThreadPoolExecutor.java:624)
at java.lang.Thread.run(Thread.java:748)
... Removed 16 stack frames]]>
    </failure>
  </testcase> <!-- @BeforeClass setup -->
  <testcase name="@AfterClass teadDown" time="-1.651086521767E9" classname="testBase.BaseClass">
    <skipped/>
  </testcase> <!-- @AfterClass teadDown -->
  <testcase name="@BeforeClass setup" time="0.001" classname="testBase.BaseClass">
    <failure type="java.util.MissingResourceException" message="Can&amp;apos;t find bundle for base name config, locale en_US">
      <![CDATA[java.util.MissingResourceException: Can't find bundle for base name config, locale en_US
at java.util.ResourceBundle.throwMissingResourceException(ResourceBundle.java:1581)
at java.util.ResourceBundle.getBundleImpl(ResourceBundle.java:1396)
at java.util.ResourceBundle.getBundle(ResourceBundle.java:782)
at testBase.BaseClass.setup(BaseClass.java:36)
at java.util.ArrayList.forEach(ArrayList.java:1259)
at java.util.concurrent.FutureTask.run(FutureTask.java:266)
at java.util.concurrent.ThreadPoolExecutor.runWorker(ThreadPoolExecutor.java:1149)
at java.util.concurrent.ThreadPoolExecutor$Worker.run(ThreadPoolExecutor.java:624)
at java.lang.Thread.run(Thread.java:748)
... Removed 16 stack frames]]>
    </failure>
  </testcase> <!-- @BeforeClass setup -->
  <testcase name="@AfterClass teadDown" time="-1.651086521774E9" classname="testBase.BaseClass">
    <skipped/>
  </testcase> <!-- @AfterClass teadDown -->
  <testcase name="@BeforeClass setup" time="0.001" classname="testBase.BaseClass">
    <failure type="java.util.MissingResourceException" message="Can&amp;apos;t find bundle for base name config, locale en_US">
      <![CDATA[java.util.MissingResourceException: Can't find bundle for base name config, locale en_US
at java.util.ResourceBundle.throwMissingResourceException(ResourceBundle.java:1581)
at java.util.ResourceBundle.getBundleImpl(ResourceBundle.java:1396)
at java.util.ResourceBundle.getBundle(ResourceBundle.java:782)
at testBase.BaseClass.setup(BaseClass.java:36)
at java.util.ArrayList.forEach(ArrayList.java:1259)
at java.util.concurrent.FutureTask.run(FutureTask.java:266)
at java.util.concurrent.ThreadPoolExecutor.runWorker(ThreadPoolExecutor.java:1149)
at java.util.concurrent.ThreadPoolExecutor$Worker.run(ThreadPoolExecutor.java:624)
at java.lang.Thread.run(Thread.java:748)
... Removed 16 stack frames]]>
    </failure>
  </testcase> <!-- @BeforeClass setup -->
  <testcase name="@AfterClass teadDown" time="-1.651086521786E9" classname="testBase.BaseClass">
    <skipped/>
  </testcase> <!-- @AfterClass teadDown -->
  <testcase name="@BeforeClass setup" time="0.0" classname="testBase.BaseClass">
    <failure type="java.util.MissingResourceException" message="Can&amp;apos;t find bundle for base name config, locale en_US">
      <![CDATA[java.util.MissingResourceException: Can't find bundle for base name config, locale en_US
at java.util.ResourceBundle.throwMissingResourceException(ResourceBundle.java:1581)
at java.util.ResourceBundle.getBundleImpl(ResourceBundle.java:1396)
at java.util.ResourceBundle.getBundle(ResourceBundle.java:782)
at testBase.BaseClass.setup(BaseClass.java:36)
at java.util.ArrayList.forEach(ArrayList.java:1259)
at java.util.concurrent.FutureTask.run(FutureTask.java:266)
at java.util.concurrent.ThreadPoolExecutor.runWorker(ThreadPoolExecutor.java:1149)
at java.util.concurrent.ThreadPoolExecutor$Worker.run(ThreadPoolExecutor.java:624)
at java.lang.Thread.run(Thread.java:748)
... Removed 16 stack frames]]>
    </failure>
  </testcase> <!-- @BeforeClass setup -->
  <testcase name="@AfterClass teadDown" time="-1.651086521798E9" classname="testBase.BaseClass">
    <skipped/>
  </testcase> <!-- @AfterClass teadDown -->
  <testcase name="@BeforeClass setup" time="0.001" classname="testBase.BaseClass">
    <failure type="java.util.MissingResourceException" message="Can&amp;apos;t find bundle for base name config, locale en_US">
      <![CDATA[java.util.MissingResourceException: Can't find bundle for base name config, locale en_US
at java.util.ResourceBundle.throwMissingResourceException(ResourceBundle.java:1581)
at java.util.ResourceBundle.getBundleImpl(ResourceBundle.java:1396)
at java.util.ResourceBundle.getBundle(ResourceBundle.java:782)
at testBase.BaseClass.setup(BaseClass.java:36)
at java.util.ArrayList.forEach(ArrayList.java:1259)
at java.util.concurrent.FutureTask.run(FutureTask.java:266)
at java.util.concurrent.ThreadPoolExecutor.runWorker(ThreadPoolExecutor.java:1149)
at java.util.concurrent.ThreadPoolExecutor$Worker.run(ThreadPoolExecutor.java:624)
at java.lang.Thread.run(Thread.java:748)
... Removed 16 stack frames]]>
    </failure>
  </testcase> <!-- @BeforeClass setup -->
  <testcase name="@AfterClass teadDown" time="-1.651086521807E9" classname="testBase.BaseClass">
    <skipped/>
  </testcase> <!-- @AfterClass teadDown -->
  <testcase name="@BeforeClass setup" time="0.001" classname="testBase.BaseClass">
    <failure type="java.util.MissingResourceException" message="Can&amp;apos;t find bundle for base name config, locale en_US">
      <![CDATA[java.util.MissingResourceException: Can't find bundle for base name config, locale en_US
at java.util.ResourceBundle.throwMissingResourceException(ResourceBundle.java:1581)
at java.util.ResourceBundle.getBundleImpl(ResourceBundle.java:1396)
at java.util.ResourceBundle.getBundle(ResourceBundle.java:782)
at testBase.BaseClass.setup(BaseClass.java:36)
at java.util.ArrayList.forEach(ArrayList.java:1259)
at java.util.concurrent.FutureTask.run(FutureTask.java:266)
at java.util.concurrent.ThreadPoolExecutor.runWorker(ThreadPoolExecutor.java:1149)
at java.util.concurrent.ThreadPoolExecutor$Worker.run(ThreadPoolExecutor.java:624)
at java.lang.Thread.run(Thread.java:748)
... Removed 16 stack frames]]>
    </failure>
  </testcase> <!-- @BeforeClass setup -->
  <testcase name="@AfterClass teadDown" time="-1.651086521817E9" classname="testBase.BaseClass">
    <skipped/>
  </testcase> <!-- @AfterClass teadDown -->
  <testcase name="@BeforeClass setup" time="0.0" classname="testBase.BaseClass">
    <failure type="java.util.MissingResourceException" message="Can&amp;apos;t find bundle for base name config, locale en_US">
      <![CDATA[java.util.MissingResourceException: Can't find bundle for base name config, locale en_US
at java.util.ResourceBundle.throwMissingResourceException(ResourceBundle.java:1581)
at java.util.ResourceBundle.getBundleImpl(ResourceBundle.java:1396)
at java.util.ResourceBundle.getBundle(ResourceBundle.java:782)
at testBase.BaseClass.setup(BaseClass.java:36)
at java.util.ArrayList.forEach(ArrayList.java:1259)
at java.util.concurrent.FutureTask.run(FutureTask.java:266)
at java.util.concurrent.ThreadPoolExecutor.runWorker(ThreadPoolExecutor.java:1149)
at java.util.concurrent.ThreadPoolExecutor$Worker.run(ThreadPoolExecutor.java:624)
at java.lang.Thread.run(Thread.java:748)
... Removed 16 stack frames]]>
    </failure>
  </testcase> <!-- @BeforeClass setup -->
  <testcase name="@AfterClass teadDown" time="-1.651086521833E9" classname="testBase.BaseClass">
    <skipped/>
  </testcase> <!-- @AfterClass teadDown -->
  <testcase name="@BeforeClass setup" time="0.001" classname="testBase.BaseClass">
    <failure type="java.util.MissingResourceException" message="Can&amp;apos;t find bundle for base name config, locale en_US">
      <![CDATA[java.util.MissingResourceException: Can't find bundle for base name config, locale en_US
at java.util.ResourceBundle.throwMissingResourceException(ResourceBundle.java:1581)
at java.util.ResourceBundle.getBundleImpl(ResourceBundle.java:1396)
at java.util.ResourceBundle.getBundle(ResourceBundle.java:782)
at testBase.BaseClass.setup(BaseClass.java:36)
at java.util.ArrayList.forEach(ArrayList.java:1259)
at java.util.concurrent.FutureTask.run(FutureTask.java:266)
at java.util.concurrent.ThreadPoolExecutor.runWorker(ThreadPoolExecutor.java:1149)
at java.util.concurrent.ThreadPoolExecutor$Worker.run(ThreadPoolExecutor.java:624)
at java.lang.Thread.run(Thread.java:748)
... Removed 16 stack frames]]>
    </failure>
  </testcase> <!-- @BeforeClass setup -->
  <testcase name="@AfterClass teadDown" time="-1.651086521844E9" classname="testBase.BaseClass">
    <skipped/>
  </testcase> <!-- @AfterClass teadDown -->
  <testcase name="@BeforeClass setup" time="0.0" classname="testBase.BaseClass">
    <failure type="java.util.MissingResourceException" message="Can&amp;apos;t find bundle for base name config, locale en_US">
      <![CDATA[java.util.MissingResourceException: Can't find bundle for base name config, locale en_US
at java.util.ResourceBundle.throwMissingResourceException(ResourceBundle.java:1581)
at java.util.ResourceBundle.getBundleImpl(ResourceBundle.java:1396)
at java.util.ResourceBundle.getBundle(ResourceBundle.java:782)
at testBase.BaseClass.setup(BaseClass.java:36)
at java.util.ArrayList.forEach(ArrayList.java:1259)
at java.util.concurrent.FutureTask.run(FutureTask.java:266)
at java.util.concurrent.ThreadPoolExecutor.runWorker(ThreadPoolExecutor.java:1149)
at java.util.concurrent.ThreadPoolExecutor$Worker.run(ThreadPoolExecutor.java:624)
at java.lang.Thread.run(Thread.java:748)
... Removed 16 stack frames]]>
    </failure>
  </testcase> <!-- @BeforeClass setup -->
  <testcase name="@AfterClass teadDown" time="-1.651086521857E9" classname="testBase.BaseClass">
    <skipped/>
  </testcase> <!-- @AfterClass teadDown -->
  <testcase name="@BeforeClass setup" time="0.002" classname="testBase.BaseClass">
    <failure type="java.util.MissingResourceException" message="Can&amp;apos;t find bundle for base name config, locale en_US">
      <![CDATA[java.util.MissingResourceException: Can't find bundle for base name config, locale en_US
at java.util.ResourceBundle.throwMissingResourceException(ResourceBundle.java:1581)
at java.util.ResourceBundle.getBundleImpl(ResourceBundle.java:1396)
at java.util.ResourceBundle.getBundle(ResourceBundle.java:782)
at testBase.BaseClass.setup(BaseClass.java:36)
at java.util.ArrayList.forEach(ArrayList.java:1259)
at java.util.concurrent.FutureTask.run(FutureTask.java:266)
at java.util.concurrent.ThreadPoolExecutor.runWorker(ThreadPoolExecutor.java:1149)
at java.util.concurrent.ThreadPoolExecutor$Worker.run(ThreadPoolExecutor.java:624)
at java.lang.Thread.run(Thread.java:748)
... Removed 16 stack frames]]>
    </failure>
  </testcase> <!-- @BeforeClass setup -->
  <testcase name="@AfterClass teadDown" time="-1.651086521874E9" classname="testBase.BaseClass">
    <skipped/>
  </testcase> <!-- @AfterClass teadDown -->
  <testcase name="@BeforeClass setup" time="0.0" classname="testBase.BaseClass">
    <failure type="java.util.MissingResourceException" message="Can&amp;apos;t find bundle for base name config, locale en_US">
      <![CDATA[java.util.MissingResourceException: Can't find bundle for base name config, locale en_US
at java.util.ResourceBundle.throwMissingResourceException(ResourceBundle.java:1581)
at java.util.ResourceBundle.getBundleImpl(ResourceBundle.java:1396)
at java.util.ResourceBundle.getBundle(ResourceBundle.java:782)
at testBase.BaseClass.setup(BaseClass.java:36)
at java.util.ArrayList.forEach(ArrayList.java:1259)
at java.util.concurrent.FutureTask.run(FutureTask.java:266)
at java.util.concurrent.ThreadPoolExecutor.runWorker(ThreadPoolExecutor.java:1149)
at java.util.concurrent.ThreadPoolExecutor$Worker.run(ThreadPoolExecutor.java:624)
at java.lang.Thread.run(Thread.java:748)
... Removed 16 stack frames]]>
    </failure>
  </testcase> <!-- @BeforeClass setup -->
  <testcase name="@AfterClass teadDown" time="-1.651086521892E9" classname="testBase.BaseClass">
    <skipped/>
  </testcase> <!-- @AfterClass teadDown -->
  <testcase name="@BeforeClass setup" time="0.0" classname="testBase.BaseClass">
    <failure type="java.util.MissingResourceException" message="Can&amp;apos;t find bundle for base name config, locale en_US">
      <![CDATA[java.util.MissingResourceException: Can't find bundle for base name config, locale en_US
at java.util.ResourceBundle.throwMissingResourceException(ResourceBundle.java:1581)
at java.util.ResourceBundle.getBundleImpl(ResourceBundle.java:1396)
at java.util.ResourceBundle.getBundle(ResourceBundle.java:782)
at testBase.BaseClass.setup(BaseClass.java:36)
at java.util.ArrayList.forEach(ArrayList.java:1259)
at java.util.concurrent.FutureTask.run(FutureTask.java:266)
at java.util.concurrent.ThreadPoolExecutor.runWorker(ThreadPoolExecutor.java:1149)
at java.util.concurrent.ThreadPoolExecutor$Worker.run(ThreadPoolExecutor.java:624)
at java.lang.Thread.run(Thread.java:748)
... Removed 16 stack frames]]>
    </failure>
  </testcase> <!-- @BeforeClass setup -->
  <testcase name="@AfterClass teadDown" time="-1.651086521903E9" classname="testBase.BaseClass">
    <skipped/>
  </testcase> <!-- @AfterClass teadDown -->
  <testcase name="@BeforeClass setup" time="0.001" classname="testBase.BaseClass">
    <failure type="java.util.MissingResourceException" message="Can&amp;apos;t find bundle for base name config, locale en_US">
      <![CDATA[java.util.MissingResourceException: Can't find bundle for base name config, locale en_US
at java.util.ResourceBundle.throwMissingResourceException(ResourceBundle.java:1581)
at java.util.ResourceBundle.getBundleImpl(ResourceBundle.java:1396)
at java.util.ResourceBundle.getBundle(ResourceBundle.java:782)
at testBase.BaseClass.setup(BaseClass.java:36)
at java.util.ArrayList.forEach(ArrayList.java:1259)
at java.util.concurrent.FutureTask.run(FutureTask.java:266)
at java.util.concurrent.ThreadPoolExecutor.runWorker(ThreadPoolExecutor.java:1149)
at java.util.concurrent.ThreadPoolExecutor$Worker.run(ThreadPoolExecutor.java:624)
at java.lang.Thread.run(Thread.java:748)
... Removed 16 stack frames]]>
    </failure>
  </testcase> <!-- @BeforeClass setup -->
  <testcase name="@AfterClass teadDown" time="-1.651086521913E9" classname="testBase.BaseClass">
    <skipped/>
  </testcase> <!-- @AfterClass teadDown -->
  <testcase name="@BeforeClass setup" time="0.0" classname="testBase.BaseClass">
    <failure type="java.util.MissingResourceException" message="Can&amp;apos;t find bundle for base name config, locale en_US">
      <![CDATA[java.util.MissingResourceException: Can't find bundle for base name config, locale en_US
at java.util.ResourceBundle.throwMissingResourceException(ResourceBundle.java:1581)
at java.util.ResourceBundle.getBundleImpl(ResourceBundle.java:1396)
at java.util.ResourceBundle.getBundle(ResourceBundle.java:782)
at testBase.BaseClass.setup(BaseClass.java:36)
at java.util.ArrayList.forEach(ArrayList.java:1259)
at java.util.concurrent.FutureTask.run(FutureTask.java:266)
at java.util.concurrent.ThreadPoolExecutor.runWorker(ThreadPoolExecutor.java:1149)
at java.util.concurrent.ThreadPoolExecutor$Worker.run(ThreadPoolExecutor.java:624)
at java.lang.Thread.run(Thread.java:748)
... Removed 16 stack frames]]>
    </failure>
  </testcase> <!-- @BeforeClass setup -->
  <testcase name="@AfterClass teadDown" time="-1.651086521916E9" classname="testBase.BaseClass">
    <skipped/>
  </testcase> <!-- @AfterClass teadDown -->
  <testcase name="@BeforeClass setup" time="0.004" classname="testBase.BaseClass">
    <failure type="java.util.MissingResourceException" message="Can&amp;apos;t find bundle for base name config, locale en_US">
      <![CDATA[java.util.MissingResourceException: Can't find bundle for base name config, locale en_US
at java.util.ResourceBundle.throwMissingResourceException(ResourceBundle.java:1581)
at java.util.ResourceBundle.getBundleImpl(ResourceBundle.java:1396)
at java.util.ResourceBundle.getBundle(ResourceBundle.java:782)
at testBase.BaseClass.setup(BaseClass.java:36)
at java.util.ArrayList.forEach(ArrayList.java:1259)
at java.util.concurrent.FutureTask.run(FutureTask.java:266)
at java.util.concurrent.ThreadPoolExecutor.runWorker(ThreadPoolExecutor.java:1149)
at java.util.concurrent.ThreadPoolExecutor$Worker.run(ThreadPoolExecutor.java:624)
at java.lang.Thread.run(Thread.java:748)
... Removed 15 stack frames]]>
    </failure>
  </testcase> <!-- @BeforeClass setup -->
  <testcase name="@AfterClass teadDown" time="-1.651086521932E9" classname="testBase.BaseClass">
    <skipped/>
  </testcase> <!-- @AfterClass teadDown -->
  <testcase name="@BeforeClass setup" time="0.0" classname="testBase.BaseClass">
    <failure type="java.util.MissingResourceException" message="Can&amp;apos;t find bundle for base name config, locale en_US">
      <![CDATA[java.util.MissingResourceException: Can't find bundle for base name config, locale en_US
at java.util.ResourceBundle.throwMissingResourceException(ResourceBundle.java:1581)
at java.util.ResourceBundle.getBundleImpl(ResourceBundle.java:1396)
at java.util.ResourceBundle.getBundle(ResourceBundle.java:782)
at testBase.BaseClass.setup(BaseClass.java:36)
at java.util.ArrayList.forEach(ArrayList.java:1259)
at java.util.concurrent.FutureTask.run(FutureTask.java:266)
at java.util.concurrent.ThreadPoolExecutor.runWorker(ThreadPoolExecutor.java:1149)
at java.util.concurrent.ThreadPoolExecutor$Worker.run(ThreadPoolExecutor.java:624)
at java.lang.Thread.run(Thread.java:748)
... Removed 15 stack frames]]>
    </failure>
  </testcase> <!-- @BeforeClass setup -->
  <testcase name="@AfterClass teadDown" time="-1.651086521938E9" classname="testBase.BaseClass">
    <skipped/>
  </testcase> <!-- @AfterClass teadDown -->
  <testcase name="@BeforeClass setup" time="0.001" classname="testBase.BaseClass">
    <failure type="java.util.MissingResourceException" message="Can&amp;apos;t find bundle for base name config, locale en_US">
      <![CDATA[java.util.MissingResourceException: Can't find bundle for base name config, locale en_US
at java.util.ResourceBundle.throwMissingResourceException(ResourceBundle.java:1581)
at java.util.ResourceBundle.getBundleImpl(ResourceBundle.java:1396)
at java.util.ResourceBundle.getBundle(ResourceBundle.java:782)
at testBase.BaseClass.setup(BaseClass.java:36)
at java.util.ArrayList.forEach(ArrayList.java:1259)
at java.util.concurrent.FutureTask.run(FutureTask.java:266)
at java.util.concurrent.ThreadPoolExecutor.runWorker(ThreadPoolExecutor.java:1149)
at java.util.concurrent.ThreadPoolExecutor$Worker.run(ThreadPoolExecutor.java:624)
at java.lang.Thread.run(Thread.java:748)
... Removed 15 stack frames]]>
    </failure>
  </testcase> <!-- @BeforeClass setup -->
  <testcase name="@AfterClass teadDown" time="-1.651086521949E9" classname="testBase.BaseClass">
    <skipped/>
  </testcase> <!-- @AfterClass teadDown -->
  <testcase name="@BeforeClass setup" time="0.0" classname="testBase.BaseClass">
    <failure type="java.util.MissingResourceException" message="Can&amp;apos;t find bundle for base name config, locale en_US">
      <![CDATA[java.util.MissingResourceException: Can't find bundle for base name config, locale en_US
at java.util.ResourceBundle.throwMissingResourceException(ResourceBundle.java:1581)
at java.util.ResourceBundle.getBundleImpl(ResourceBundle.java:1396)
at java.util.ResourceBundle.getBundle(ResourceBundle.java:782)
at testBase.BaseClass.setup(BaseClass.java:36)
at java.util.ArrayList.forEach(ArrayList.java:1259)
at java.util.concurrent.FutureTask.run(FutureTask.java:266)
at java.util.concurrent.ThreadPoolExecutor.runWorker(ThreadPoolExecutor.java:1149)
at java.util.concurrent.ThreadPoolExecutor$Worker.run(ThreadPoolExecutor.java:624)
at java.lang.Thread.run(Thread.java:748)
... Removed 15 stack frames]]>
    </failure>
  </testcase> <!-- @BeforeClass setup -->
  <testcase name="@AfterClass teadDown" time="-1.651086521953E9" classname="testBase.BaseClass">
    <skipped/>
  </testcase> <!-- @AfterClass teadDown -->
  <testcase name="@BeforeClass setup" time="0.0" classname="testBase.BaseClass">
    <failure type="java.util.MissingResourceException" message="Can&amp;apos;t find bundle for base name config, locale en_US">
      <![CDATA[java.util.MissingResourceException: Can't find bundle for base name config, locale en_US
at java.util.ResourceBundle.throwMissingResourceException(ResourceBundle.java:1581)
at java.util.ResourceBundle.getBundleImpl(ResourceBundle.java:1396)
at java.util.ResourceBundle.getBundle(ResourceBundle.java:782)
at testBase.BaseClass.setup(BaseClass.java:36)
at java.util.ArrayList.forEach(ArrayList.java:1259)
at java.util.concurrent.FutureTask.run(FutureTask.java:266)
at java.util.concurrent.ThreadPoolExecutor.runWorker(ThreadPoolExecutor.java:1149)
at java.util.concurrent.ThreadPoolExecutor$Worker.run(ThreadPoolExecutor.java:624)
at java.lang.Thread.run(Thread.java:748)
... Removed 15 stack frames]]>
    </failure>
  </testcase> <!-- @BeforeClass setup -->
  <testcase name="@AfterClass teadDown" time="-1.651086521956E9" classname="testBase.BaseClass">
    <skipped/>
  </testcase> <!-- @AfterClass teadDown -->
  <testcase name="@BeforeClass setup" time="0.0" classname="testBase.BaseClass">
    <failure type="java.util.MissingResourceException" message="Can&amp;apos;t find bundle for base name config, locale en_US">
      <![CDATA[java.util.MissingResourceException: Can't find bundle for base name config, locale en_US
at java.util.ResourceBundle.throwMissingResourceException(ResourceBundle.java:1581)
at java.util.ResourceBundle.getBundleImpl(ResourceBundle.java:1396)
at java.util.ResourceBundle.getBundle(ResourceBundle.java:782)
at testBase.BaseClass.setup(BaseClass.java:36)
at java.util.ArrayList.forEach(ArrayList.java:1259)
at java.util.concurrent.FutureTask.run(FutureTask.java:266)
at java.util.concurrent.ThreadPoolExecutor.runWorker(ThreadPoolExecutor.java:1149)
at java.util.concurrent.ThreadPoolExecutor$Worker.run(ThreadPoolExecutor.java:624)
at java.lang.Thread.run(Thread.java:748)
... Removed 15 stack frames]]>
    </failure>
  </testcase> <!-- @BeforeClass setup -->
  <testcase name="@AfterClass teadDown" time="-1.65108652196E9" classname="testBase.BaseClass">
    <skipped/>
  </testcase> <!-- @AfterClass teadDown -->
  <testcase name="@BeforeClass setup" time="0.001" classname="testBase.BaseClass">
    <failure type="java.util.MissingResourceException" message="Can&amp;apos;t find bundle for base name config, locale en_US">
      <![CDATA[java.util.MissingResourceException: Can't find bundle for base name config, locale en_US
at java.util.ResourceBundle.throwMissingResourceException(ResourceBundle.java:1581)
at java.util.ResourceBundle.getBundleImpl(ResourceBundle.java:1396)
at java.util.ResourceBundle.getBundle(ResourceBundle.java:782)
at testBase.BaseClass.setup(BaseClass.java:36)
at java.util.ArrayList.forEach(ArrayList.java:1259)
at java.util.concurrent.FutureTask.run(FutureTask.java:266)
at java.util.concurrent.ThreadPoolExecutor.runWorker(ThreadPoolExecutor.java:1149)
at java.util.concurrent.ThreadPoolExecutor$Worker.run(ThreadPoolExecutor.java:624)
at java.lang.Thread.run(Thread.java:748)
... Removed 15 stack frames]]>
    </failure>
  </testcase> <!-- @BeforeClass setup -->
  <testcase name="@AfterClass teadDown" time="-1.651086521965E9" classname="testBase.BaseClass">
    <skipped/>
  </testcase> <!-- @AfterClass teadDown -->
  <testcase name="@BeforeClass setup" time="0.0" classname="testBase.BaseClass">
    <failure type="java.util.MissingResourceException" message="Can&amp;apos;t find bundle for base name config, locale en_US">
      <![CDATA[java.util.MissingResourceException: Can't find bundle for base name config, locale en_US
at java.util.ResourceBundle.throwMissingResourceException(ResourceBundle.java:1581)
at java.util.ResourceBundle.getBundleImpl(ResourceBundle.java:1396)
at java.util.ResourceBundle.getBundle(ResourceBundle.java:782)
at testBase.BaseClass.setup(BaseClass.java:36)
at java.util.ArrayList.forEach(ArrayList.java:1259)
at java.util.concurrent.FutureTask.run(FutureTask.java:266)
at java.util.concurrent.ThreadPoolExecutor.runWorker(ThreadPoolExecutor.java:1149)
at java.util.concurrent.ThreadPoolExecutor$Worker.run(ThreadPoolExecutor.java:624)
at java.lang.Thread.run(Thread.java:748)
... Removed 15 stack frames]]>
    </failure>
  </testcase> <!-- @BeforeClass setup -->
  <testcase name="@AfterClass teadDown" time="-1.651086521986E9" classname="testBase.BaseClass">
    <skipped/>
  </testcase> <!-- @AfterClass teadDown -->
  <testcase name="@BeforeClass setup" time="0.0" classname="testBase.BaseClass">
    <failure type="java.util.MissingResourceException" message="Can&amp;apos;t find bundle for base name config, locale en_US">
      <![CDATA[java.util.MissingResourceException: Can't find bundle for base name config, locale en_US
at java.util.ResourceBundle.throwMissingResourceException(ResourceBundle.java:1581)
at java.util.ResourceBundle.getBundleImpl(ResourceBundle.java:1396)
at java.util.ResourceBundle.getBundle(ResourceBundle.java:782)
at testBase.BaseClass.setup(BaseClass.java:36)
at java.util.ArrayList.forEach(ArrayList.java:1259)
at java.util.concurrent.FutureTask.run(FutureTask.java:266)
at java.util.concurrent.ThreadPoolExecutor.runWorker(ThreadPoolExecutor.java:1149)
at java.util.concurrent.ThreadPoolExecutor$Worker.run(ThreadPoolExecutor.java:624)
at java.lang.Thread.run(Thread.java:748)
... Removed 15 stack frames]]>
    </failure>
  </testcase> <!-- @BeforeClass setup -->
  <testcase name="@AfterClass teadDown" time="-1.651086521996E9" classname="testBase.BaseClass">
    <skipped/>
  </testcase> <!-- @AfterClass teadDown -->
  <testcase name="@BeforeClass setup" time="0.0" classname="testBase.BaseClass">
    <failure type="java.util.MissingResourceException" message="Can&amp;apos;t find bundle for base name config, locale en_US">
      <![CDATA[java.util.MissingResourceException: Can't find bundle for base name config, locale en_US
at java.util.ResourceBundle.throwMissingResourceException(ResourceBundle.java:1581)
at java.util.ResourceBundle.getBundleImpl(ResourceBundle.java:1396)
at java.util.ResourceBundle.getBundle(ResourceBundle.java:782)
at testBase.BaseClass.setup(BaseClass.java:36)
at java.util.ArrayList.forEach(ArrayList.java:1259)
at java.util.concurrent.FutureTask.run(FutureTask.java:266)
at java.util.concurrent.ThreadPoolExecutor.runWorker(ThreadPoolExecutor.java:1149)
at java.util.concurrent.ThreadPoolExecutor$Worker.run(ThreadPoolExecutor.java:624)
at java.lang.Thread.run(Thread.java:748)
... Removed 15 stack frames]]>
    </failure>
  </testcase> <!-- @BeforeClass setup -->
  <testcase name="@AfterClass teadDown" time="-1.651086522004E9" classname="testBase.BaseClass">
    <skipped/>
  </testcase> <!-- @AfterClass teadDown -->
  <testcase name="@BeforeClass setup" time="0.003" classname="testBase.BaseClass">
    <failure type="java.util.MissingResourceException" message="Can&amp;apos;t find bundle for base name config, locale en_US">
      <![CDATA[java.util.MissingResourceException: Can't find bundle for base name config, locale en_US
at java.util.ResourceBundle.throwMissingResourceException(ResourceBundle.java:1581)
at java.util.ResourceBundle.getBundleImpl(ResourceBundle.java:1396)
at java.util.ResourceBundle.getBundle(ResourceBundle.java:782)
at testBase.BaseClass.setup(BaseClass.java:36)
at java.util.ArrayList.forEach(ArrayList.java:1259)
at java.util.concurrent.FutureTask.run(FutureTask.java:266)
at java.util.concurrent.ThreadPoolExecutor.runWorker(ThreadPoolExecutor.java:1149)
at java.util.concurrent.ThreadPoolExecutor$Worker.run(ThreadPoolExecutor.java:624)
at java.lang.Thread.run(Thread.java:748)
... Removed 15 stack frames]]>
    </failure>
  </testcase> <!-- @BeforeClass setup -->
  <testcase name="@AfterClass teadDown" time="-1.65108652201E9" classname="testBase.BaseClass">
    <skipped/>
  </testcase> <!-- @AfterClass teadDown -->
  <testcase name="@BeforeClass setup" time="0.0" classname="testBase.BaseClass">
    <failure type="java.util.MissingResourceException" message="Can&amp;apos;t find bundle for base name config, locale en_US">
      <![CDATA[java.util.MissingResourceException: Can't find bundle for base name config, locale en_US
at java.util.ResourceBundle.throwMissingResourceException(ResourceBundle.java:1581)
at java.util.ResourceBundle.getBundleImpl(ResourceBundle.java:1396)
at java.util.ResourceBundle.getBundle(ResourceBundle.java:782)
at testBase.BaseClass.setup(BaseClass.java:36)
at java.util.ArrayList.forEach(ArrayList.java:1259)
at java.util.concurrent.FutureTask.run(FutureTask.java:266)
at java.util.concurrent.ThreadPoolExecutor.runWorker(ThreadPoolExecutor.java:1149)
at java.util.concurrent.ThreadPoolExecutor$Worker.run(ThreadPoolExecutor.java:624)
at java.lang.Thread.run(Thread.java:748)
... Removed 15 stack frames]]>
    </failure>
  </testcase> <!-- @BeforeClass setup -->
  <testcase name="@AfterClass teadDown" time="-1.651086522021E9" classname="testBase.BaseClass">
    <skipped/>
  </testcase> <!-- @AfterClass teadDown -->
  <testcase name="test_account_Registration" time="0.0" classname="testCases.TC_001_AccountRegistration">
    <skipped/>
  </testcase> <!-- test_account_Registration -->
  <testcase name="test_Login" time="0.0" classname="testCases.TC_002_Login">
    <skipped/>
  </testcase> <!-- test_Login -->
  <testcase name="test_LoginDDT" time="0.0" classname="testCases.TC_003_LoginDDT">
    <skipped/>
  </testcase> <!-- test_LoginDDT -->
  <testcase name="test_LoginDDT" time="0.0" classname="testCases.TC_003_LoginDDT">
    <skipped/>
  </testcase> <!-- test_LoginDDT -->
  <testcase name="test_LoginDDT" time="0.0" classname="testCases.TC_003_LoginDDT">
    <skipped/>
  </testcase> <!-- test_LoginDDT -->
  <testcase name="test_LoginDDT" time="0.0" classname="testCases.TC_003_LoginDDT">
    <skipped/>
  </testcase> <!-- test_LoginDDT -->
  <testcase name="test_search" time="0.0" classname="testCases.TC_004Search">
    <skipped/>
  </testcase> <!-- test_search -->
  <testcase name="test_addcart" time="0.0" classname="testCases.TC_005_Addcart">
    <skipped/>
  </testcase> <!-- test_addcart -->
  <testcase name="test_productcompare" time="0.0" classname="testCases.TC_006_ProductCompare">
    <skipped/>
  </testcase> <!-- test_productcompare -->
  <testcase name="test_wishlist" time="0.0" classname="testCases.TC_007_WishList">
    <skipped/>
  </testcase> <!-- test_wishlist -->
  <testcase name="test_productdisplay" time="0.0" classname="testCases.TC_008_ProductDisplayPage">
    <skipped/>
  </testcase> <!-- test_productdisplay -->
  <testcase name="test_forgotpassword" time="0.0" classname="testCases.TC_009_ForgotPassword">
    <skipped/>
  </testcase> <!-- test_forgotpassword -->
  <testcase name="test_ShoppingCart" time="0.0" classname="testCases.TC_010_ShoppingCart">
    <skipped/>
  </testcase> <!-- test_ShoppingCart -->
  <testcase name="test_checkout" time="0.0" classname="testCases.TC_011_Checkout">
    <skipped/>
  </testcase> <!-- test_checkout -->
  <testcase name="test_Myaccount" time="0.0" classname="testCases.TC_012_MyAccount">
    <skipped/>
  </testcase> <!-- test_Myaccount -->
  <testcase name="test_MyAccountInformation" time="0.0" classname="testCases.TC_013_MyAccountInformation">
    <skipped/>
  </testcase> <!-- test_MyAccountInformation -->
  <testcase name="test_changepassword" time="0.0" classname="testCases.TC_014_ChangePassword">
    <skipped/>
  </testcase> <!-- test_changepassword -->
  <testcase name="test_Addressbook" time="0.0" classname="testCases.TC_015_AddressBook">
    <skipped/>
  </testcase> <!-- test_Addressbook -->
  <testcase name="test_OrderHistory" time="0.0" classname="testCases.TC_016_OderHistory">
    <skipped/>
  </testcase> <!-- test_OrderHistory -->
  <testcase name="test_downloads" time="0.0" classname="testCases.TC_017_Downloads">
    <skipped/>
  </testcase> <!-- test_downloads -->
  <testcase name="test_RewardPoint" time="0.0" classname="testCases.TC_018_RewardPoints">
    <skipped/>
  </testcase> <!-- test_RewardPoint -->
  <testcase name="test_Returns" time="0.0" classname="testCases.TC_019_Returns">
    <skipped/>
  </testcase> <!-- test_Returns -->
  <testcase name="test_transections" time="0.0" classname="testCases.TC_020_Transections">
    <skipped/>
  </testcase> <!-- test_transections -->
  <testcase name="test_RecurringPayment" time="0.0" classname="testCases.TC_021_RecurringPayment">
    <skipped/>
  </testcase> <!-- test_RecurringPayment -->
  <testcase name="test_Newletter" time="0.0" classname="testCases.TC_022_Newsletter">
    <skipped/>
  </testcase> <!-- test_Newletter -->
  <testcase name="test_Newletter" time="0.0" classname="testCases.TC_023_Affiliate">
    <skipped/>
  </testcase> <!-- test_Newletter -->
  <testcase name="test_contactus" time="0.0" classname="testCases.TC_024_ContactUs">
    <skipped/>
  </testcase> <!-- test_contactus -->
  <testcase name="test_contactus" time="0.0" classname="testCases.TC_025_SpecialOffer">
    <skipped/>
  </testcase> <!-- test_contactus -->
  <testcase name="test_HeaderFooterMenuOptions" time="0.0" classname="testCases.TC_026_HeaderMenuFooterOptions">
    <skipped/>
  </testcase> <!-- test_HeaderFooterMenuOptions -->
  <testcase name="test_HeaderFooterMenuOptions" time="0.0" classname="testCases.TC_027_GiftCertificate">
    <skipped/>
  </testcase> <!-- test_HeaderFooterMenuOptions -->
  <testcase name="test_currency" time="0.0" classname="testCases.TC_028_Currency">
    <skipped/>
  </testcase> <!-- test_currency -->
</testsuite> <!-- OpenCart Tests -->
