<?xml version="1.0" encoding="UTF-8"?>
<!-- Generated by org.testng.reporters.JUnitReportReporter -->
<testsuite skipped="4" hostname="LAPTOP-T0TTLPDB" name="testCases.TC_003_LoginDDT" tests="5" failures="0" timestamp="2022-04-27T15:08:42 EDT" time="0.001" errors="1">
  <testcase name="test_LoginDDT" time="0.000" classname="testCases.TC_003_LoginDDT">
    <skipped/>
  </testcase> <!-- test_LoginDDT -->
  <system-out/>
  <testcase name="test_LoginDDT" time="0.000" classname="testCases.TC_003_LoginDDT">
    <skipped/>
  </testcase> <!-- test_LoginDDT -->
  <system-out/>
  <testcase name="test_LoginDDT" time="0.000" classname="testCases.TC_003_LoginDDT">
    <skipped/>
  </testcase> <!-- test_LoginDDT -->
  <system-out/>
  <testcase name="test_LoginDDT" time="0.000" classname="testCases.TC_003_LoginDDT">
    <skipped/>
  </testcase> <!-- test_LoginDDT -->
  <system-out/>
  <testcase name="setup" time="0.001" classname="testCases.TC_003_LoginDDT">
    <error type="java.util.MissingResourceException" message="Can&#039;t find bundle for base name config, locale en_US">
      <![CDATA[java.util.MissingResourceException: Can't find bundle for base name config, locale en_US
at java.util.ResourceBundle.throwMissingResourceException(ResourceBundle.java:1581)
at java.util.ResourceBundle.getBundleImpl(ResourceBundle.java:1396)
at java.util.ResourceBundle.getBundle(ResourceBundle.java:782)
at testBase.BaseClass.setup(BaseClass.java:36)
at sun.reflect.NativeMethodAccessorImpl.invoke0(Native Method)
at sun.reflect.NativeMethodAccessorImpl.invoke(NativeMethodAccessorImpl.java:62)
at sun.reflect.DelegatingMethodAccessorImpl.invoke(DelegatingMethodAccessorImpl.java:43)
at java.lang.reflect.Method.invoke(Method.java:498)
at org.testng.internal.MethodInvocationHelper.invokeMethod(MethodInvocationHelper.java:132)
at org.testng.internal.MethodInvocationHelper.invokeMethodConsideringTimeout(MethodInvocationHelper.java:61)
at org.testng.internal.ConfigInvoker.invokeConfigurationMethod(ConfigInvoker.java:366)
at org.testng.internal.ConfigInvoker.invokeConfigurations(ConfigInvoker.java:320)
at org.testng.internal.TestMethodWorker.invokeBeforeClassMethods(TestMethodWorker.java:176)
at org.testng.internal.TestMethodWorker.run(TestMethodWorker.java:122)
at java.util.ArrayList.forEach(ArrayList.java:1259)
at org.testng.TestRunner.privateRun(TestRunner.java:764)
at org.testng.TestRunner.run(TestRunner.java:585)
at org.testng.SuiteRunner.runTest(SuiteRunner.java:384)
at org.testng.SuiteRunner.access$000(SuiteRunner.java:28)
at org.testng.SuiteRunner$SuiteWorker.run(SuiteRunner.java:425)
at org.testng.internal.thread.ThreadUtil.lambda$execute$0(ThreadUtil.java:66)
at java.util.concurrent.FutureTask.run(FutureTask.java:266)
at java.util.concurrent.ThreadPoolExecutor.runWorker(ThreadPoolExecutor.java:1149)
at java.util.concurrent.ThreadPoolExecutor$Worker.run(ThreadPoolExecutor.java:624)
at java.lang.Thread.run(Thread.java:748)
]]>
    </error>
  </testcase> <!-- setup -->
  <system-out/>
</testsuite> <!-- testCases.TC_003_LoginDDT -->
